2025-07-10 11:15:30,231 - DEBUG - Debug info
2025-07-10 11:15:30,231 - INFO - General info
2025-07-10 11:15:30,231 - WARNING - Something might be wrong
2025-07-10 11:15:30,231 - ERROR - An error happened
2025-07-10 11:34:11,647 - DEBUG - Debug info
2025-07-10 11:34:11,647 - INFO - General info
2025-07-10 11:34:11,647 - WARNING - Something might be wrong
2025-07-10 11:34:11,647 - ERROR - An error happened
2025-07-10 11:34:15,832 - DEBUG - Debug info
2025-07-10 11:34:15,832 - INFO - General info
2025-07-10 11:34:15,832 - WARNING - Something might be wrong
2025-07-10 11:34:15,832 - ERROR - An error happened
2025-07-10 11:40:38,104 - DEBUG - Debug info
2025-07-10 11:40:38,104 - INFO - General info
2025-07-10 11:40:38,104 - WARNING - Something might be wrong
2025-07-10 11:40:38,104 - ERROR - An error happened
2025-07-10 11:41:53,796 - DEBUG - Debug info
2025-07-10 11:41:53,797 - INFO - General info
2025-07-10 11:41:53,797 - WARNING - Something might be wrong
2025-07-10 11:41:53,797 - ERROR - An error happened
2025-07-10 11:42:52,488 - DEBUG - Debug info
2025-07-10 11:42:52,489 - INFO - General info
2025-07-10 11:42:52,489 - WARNING - Something might be wrong
2025-07-10 11:42:52,489 - ERROR - An error happened
2025-07-10 11:42:55,208 - DEBUG - Debug info
2025-07-10 11:42:55,208 - INFO - General info
2025-07-10 11:42:55,208 - WARNING - Something might be wrong
2025-07-10 11:42:55,208 - ERROR - An error happened
2025-07-10 11:43:06,048 - DEBUG - Debug info
2025-07-10 11:43:06,048 - INFO - General info
2025-07-10 11:43:06,048 - WARNING - Something might be wrong
2025-07-10 11:43:06,048 - ERROR - An error happened
2025-07-10 11:43:13,957 - DEBUG - Debug info
2025-07-10 11:43:13,957 - INFO - General info
2025-07-10 11:43:13,957 - WARNING - Something might be wrong
2025-07-10 11:43:13,957 - ERROR - An error happened
2025-07-10 11:55:01,031 - WARNING - Something might be wrong
2025-07-10 11:55:01,031 - ERROR - An error happened
2025-07-10 11:55:11,338 - WARNING - Something might be wrong
2025-07-10 11:55:11,339 - ERROR - An error happened
2025-07-10 11:56:00,296 - WARNING - Something might be wrong
2025-07-10 11:56:00,296 - ERROR - An error happened
2025-07-10 12:02:10,517 - DEBUG - Debug info
2025-07-10 12:02:10,517 - INFO - General info
2025-07-10 12:02:10,517 - WARNING - Something might be wrong
2025-07-10 12:02:10,517 - ERROR - An error happened
2025-07-10 12:18:25,152 - DEBUG - Debug info
2025-07-10 12:18:28,918 - WARNING - Something might be wrong
2025-07-10 12:18:48,070 - INFO - General info
2025-07-10 12:30:14,425 - DEBUG - Debug info
2025-07-10 12:30:14,425 - DEBUG - Debug info
2025-07-10 12:30:17,576 - ERROR - An error happened
2025-07-10 12:30:21,541 - WARNING - Something might be wrong
2025-07-10 12:30:21,541 - WARNING - Something might be wrong
2025-07-10 12:30:21,541 - WARNING - Something might be wrong
2025-07-10 12:31:06,805 - INFO - General info
2025-07-10 12:31:06,805 - ERROR - An error happened
2025-07-10 12:31:06,805 - ERROR - An error happened
2025-07-10 12:31:08,861 - ERROR - An error happened
2025-07-10 12:31:08,861 - WARNING - Something might be wrong
2025-07-10 12:31:08,861 - ERROR - An error happened
2025-07-10 12:31:13,302 - WARNING - Something might be wrong
2025-07-10 12:31:13,302 - DEBUG - Debug info
2025-07-10 12:33:40,587 - INFO - General info
2025-07-10 12:33:40,587 - DEBUG - Debug info
2025-07-10 12:50:41,815 - INFO - General info
2025-07-10 12:50:41,816 - WARNING - Something might be wrong
2025-07-10 12:52:07,756 - WARNING - Something might be wrong
2025-07-10 12:52:07,756 - WARNING - Something might be wrong
2025-07-10 12:52:11,284 - INFO - General info
2025-07-10 12:52:11,284 - WARNING - Something might be wrong
2025-07-10 12:53:38,193 - ERROR - An error happened
2025-07-10 12:53:38,193 - DEBUG - Debug info
2025-07-10 12:58:32,327 - ERROR - 0a801028-1357-4f73-9fbc-13446c619e85 - An error happened
2025-07-10 12:58:32,327 - ERROR - f35864d3-671d-488f-bd09-9d3dc194e972 - An error happened
2025-07-10 12:58:36,272 - DEBUG - 6679b747-f819-42f0-b92a-b3c4b4f81dd1 - Debug info
2025-07-10 12:58:36,273 - DEBUG - a7440a67-3468-42c7-9801-71039697917b - Debug info
2025-07-10 12:58:43,993 - INFO - 2f4c8f55-ffd5-4443-a30d-6ccb4f30623c - General info
2025-07-10 12:58:43,993 - INFO - 5bd2744f-5068-4756-8467-9676068af12b - General info
2025-07-10 12:58:47,529 - DEBUG - f9827258-d3e2-4177-995b-0f39ec791439 - Debug info
2025-07-10 12:58:47,529 - ERROR - f7747792-9f98-4ad2-aa1e-056234bb3fb8 - An error happened
2025-07-10 12:58:47,529 - DEBUG - e9d8085a-2a85-40a8-93a7-9a1afd95af2d - Debug info
2025-07-10 12:58:55,150 - ERROR - f759fadb-4503-4fb6-bbe1-3929275c7884 - An error happened
2025-07-10 12:58:55,150 - INFO - 1b18c1f9-e16e-43b8-9d40-f3dd231a98d6 - General info
2025-07-10 12:58:55,150 - INFO - d6f126e5-db49-4dc4-a717-28ef1afcb185 - General info
2025-07-10 12:58:55,150 - ERROR - 30dcf4a5-d1bd-4642-8bc4-5a0e677d2049 - An error happened
2025-07-10 12:58:59,453 - WARNING - f5d4eeac-2ccb-48e5-9b40-2ea48b5f412c - Something might be wrong
2025-07-10 12:58:59,453 - DEBUG - f3cf92d4-7199-4aa5-9133-6e8bd64ae22b - Debug info
2025-07-10 12:58:59,453 - WARNING - 9fe06df6-1169-4c79-87fc-f1f6d3cd983f - Something might be wrong
2025-07-10 12:58:59,453 - INFO - 9fe06df6-1169-4c79-87fc-f1f6d3cd983f - General info
2025-07-10 12:58:59,453 - DEBUG - 9fe06df6-1169-4c79-87fc-f1f6d3cd983f - Debug info
